<?xml version="1.0" encoding="UTF-8"?>
<!-- Generated by org.testng.reporters.JUnitReportReporter -->
<testsuite skipped="0" hostname="MAA-5CG838585D" name="org.base.SuiteLlevel1" tests="3" failures="0" timestamp="05 Sep 2022 13:09:01 GMT" time="0.036" errors="0">
  <testcase name="aa" time="0.032" classname="org.base.SuiteLlevel1"/>
  <testcase name="bb" time="0.002" classname="org.base.SuiteLlevel1"/>
  <testcase name="cc" time="0.002" classname="org.base.SuiteLlevel1"/>
</testsuite> <!-- org.base.SuiteLlevel1 -->
