<?xml version="1.0" encoding="UTF-8"?>
<!-- Generated by org.testng.reporters.JUnitReportReporter -->
<testsuite skipped="0" hostname="MAA-5CG838585D" name="org.base.SuiteLel2" tests="3" failures="0" timestamp="05 Sep 2022 13:09:01 GMT" time="0.010" errors="0">
  <testcase name="a" time="0.003" classname="org.base.SuiteLel2"/>
  <testcase name="c" time="0.003" classname="org.base.SuiteLel2"/>
  <testcase name="b" time="0.004" classname="org.base.SuiteLel2"/>
</testsuite> <!-- org.base.SuiteLel2 -->
